--------------------
./configure CC=arm-hisiv100nptl-linux-gcc prefix=/opt/hisi-linux-nptl/arm-hisiv100-linux/
2014年 04月 21日 星期一 22:59:07 CST
unknown option: CC=arm-hisiv100nptl-linux-gcc
./configure --help for help
** ./configure aborting.
--------------------


--------------------
./configure --static --CC=arm-hisiv100nptl-linux-gcc --prefix=/opt/hisi-linux-nptl/arm-hisiv100-linux/
2014年 04月 21日 星期一 22:59:40 CST
unknown option: --CC=arm-hisiv100nptl-linux-gcc
./configure --help for help
** ./configure aborting.
--------------------


--------------------
./configure --static --CHOST=arm-hisiv100nptl-linux-gcc --prefix=/opt/hisi-linux-nptl/arm-hisiv100-linux/
2014年 04月 21日 星期一 23:00:16 CST
unknown option: --CHOST=arm-hisiv100nptl-linux-gcc
./configure --help for help
** ./configure aborting.
--------------------


--------------------
./configure --static --HOST=arm-hisiv100nptl-linux-gcc --prefix=/opt/hisi-linux-nptl/arm-hisiv100-linux/
2014年 04月 21日 星期一 23:00:22 CST
unknown option: --HOST=arm-hisiv100nptl-linux-gcc
./configure --help for help
** ./configure aborting.
--------------------


--------------------
./configure --static HOST=arm-hisiv100nptl-linux-gcc --prefix=/opt/hisi-linux-nptl/arm-hisiv100-linux/
2014年 04月 21日 星期一 23:00:29 CST
unknown option: HOST=arm-hisiv100nptl-linux-gcc
./configure --help for help
** ./configure aborting.
--------------------


--------------------
./configure --static --prefix=/opt/hisi-linux-nptl/arm-hisiv100-linux/
2014年 04月 21日 星期一 23:00:45 CST
Checking for gcc...
=== ztest5129.c ===
extern int getchar();
int hello() {return getchar();}
===
gcc -c ztest5129.c
... using gcc

Checking for obsessive-compulsive compiler options...
=== ztest5129.c ===
int foo() { return 0; }
===
gcc -c -O3 ztest5129.c

Building static library libz.a version 1.2.8 with gcc.

=== ztest5129.c ===
#include <sys/types.h>
off64_t dummy = 0;
===
gcc -c -O3 -D_LARGEFILE64_SOURCE=1 ztest5129.c
Checking for off64_t... Yes.
Checking for fseeko... Yes.

=== ztest5129.c ===
#include <string.h>
#include <errno.h>
int main() { return strlen(strerror(errno)); }
===
gcc -O3 -D_LARGEFILE64_SOURCE=1 -o ztest5129 ztest5129.c
Checking for strerror... Yes.

=== ztest5129.c ===
#include <unistd.h>
int main() { return 0; }
===
gcc -c -O3 -D_LARGEFILE64_SOURCE=1 ztest5129.c
Checking for unistd.h... Yes.

=== ztest5129.c ===
#include <stdarg.h>
int main() { return 0; }
===
gcc -c -O3 -D_LARGEFILE64_SOURCE=1 ztest5129.c
Checking for stdarg.h... Yes.

=== ztest5129.c ===
#include <stdio.h>
#include <stdarg.h>
#include "zconf.h"
int main()
{
#ifndef STDC
  choke me
#endif
  return 0;
}
===
gcc -c -O3 -D_LARGEFILE64_SOURCE=1 ztest5129.c
Checking whether to use vs[n]printf() or s[n]printf()... using vs[n]printf().

=== ztest5129.c ===
#include <stdio.h>
#include <stdarg.h>
int mytest(const char *fmt, ...)
{
  char buf[20];
  va_list ap;
  va_start(ap, fmt);
  vsnprintf(buf, sizeof(buf), fmt, ap);
  va_end(ap);
  return 0;
}
int main()
{
  return (mytest("Hello%d\n", 1));
}
===
gcc -O3 -D_LARGEFILE64_SOURCE=1 -o ztest5129 ztest5129.c
Checking for vsnprintf() in stdio.h... Yes.

=== ztest5129.c ===
#include <stdio.h>
#include <stdarg.h>
int mytest(const char *fmt, ...)
{
  int n;
  char buf[20];
  va_list ap;
  va_start(ap, fmt);
  n = vsnprintf(buf, sizeof(buf), fmt, ap);
  va_end(ap);
  return n;
}
int main()
{
  return (mytest("Hello%d\n", 1));
}
===
gcc -c -O3 -D_LARGEFILE64_SOURCE=1 ztest5129.c
Checking for return value of vsnprintf()... Yes.

=== ztest5129.c ===
#define ZLIB_INTERNAL __attribute__((visibility ("hidden")))
int ZLIB_INTERNAL foo;
int main()
{
  return 0;
}
===
gcc -c -O3 -D_LARGEFILE64_SOURCE=1 ztest5129.c
Checking for attribute(visibility) support... Yes.

ALL = static all64
AR = ar
ARFLAGS = rc
CC = gcc
CFLAGS = -O3 -D_LARGEFILE64_SOURCE=1 -DHAVE_HIDDEN
CPP = gcc -E
EXE =
LDCONFIG = ldconfig
LDFLAGS =
LDSHARED = gcc
LDSHAREDLIBC = -lc
OBJC = $(OBJZ) $(OBJG)
PIC_OBJC = $(PIC_OBJZ) $(PIC_OBJG)
RANLIB = ranlib
SFLAGS = -O3 -fPIC -D_LARGEFILE64_SOURCE=1 -DHAVE_HIDDEN
SHAREDLIB =
SHAREDLIBM =
SHAREDLIBV =
STATICLIB = libz.a
TEST = all teststatic test64
VER = 1.2.8
Z_U4 =
exec_prefix = ${prefix}
includedir = ${prefix}/include
libdir = ${exec_prefix}/lib
mandir = ${prefix}/share/man
prefix = /opt/hisi-linux-nptl/arm-hisiv100-linux/
sharedlibdir = ${libdir}
uname = Linux
--------------------


